Arguments: 
  /usr/local/Cellar/node@8/8.9.4/bin/node /usr/local/Cellar/yarn/1.5.1_1/libexec/bin/yarn.js remove ramda

PATH: 
  /Users/jaredramirez/.opam/4.02.3/bin:/Users/jaredramirez/Library/Haskell/bin:/usr/local/opt/node@8/bin:/Users/jaredramirez/.fastlane/bin:/Users/jaredramirez/.config/yarn/global/node_modules/.bin:/Users/jaredramirez/.local/bin:/Users/jaredramirez/Library/Android/sdk/tools/bin:/Users/jaredramirez/Library/Android/sdk/platform-tools:/usr/local/sbin:/opt/local/bin:/opt/local/sbin:/Users/jaredramirez/.cargo/bin:/Users/jaredramirez/dev/bin:/usr/local/go/bin:/Users/jaredramirez/Library/Python/2.7/bin:/Users/jaredramirez/bin:/usr/local/bin:/Users/jaredramirez/.opam/4.02.3/bin:/Users/jaredramirez/Library/Haskell/bin:/usr/local/opt/node@8/bin:/Users/jaredramirez/.fastlane/bin:/Users/jaredramirez/.config/yarn/global/node_modules/.bin:/Users/jaredramirez/.local/bin:/Users/jaredramirez/Library/Android/sdk/tools/bin:/Users/jaredramirez/Library/Android/sdk/platform-tools:/usr/local/sbin:/opt/local/bin:/opt/local/sbin:/Users/jaredramirez/.cargo/bin:/Users/jaredramirez/dev/bin:/usr/local/go/bin:/Users/jaredramirez/Library/Python/2.7/bin:/Users/jaredramirez/bin:/usr/local/bin:/usr/bin:/bin:/usr/sbin:/sbin

Yarn version: 
  1.5.1

Node version: 
  8.9.4

Platform: 
  darwin x64

npm manifest: 
  {
    "dependencies": {
      "rambda": "^1.0.12"
    },
    "name": "interview1",
    "version": "1.0.0",
    "main": "index.js",
    "repository": "https://github.com/jaredramirez/nri-challenege.git",
    "author": "jaredramirez <jaredramirez@me.com>",
    "license": "MIT"
  }

yarn manifest: 
  No manifest

Lockfile: 
  # THIS IS AN AUTOGENERATED FILE. DO NOT EDIT THIS FILE DIRECTLY.
  # yarn lockfile v1
  
  
  rambda@^1.0.12:
    version "1.0.12"
    resolved "https://registry.yarnpkg.com/rambda/-/rambda-1.0.12.tgz#041f942e7ad56599a0a0248cd92d9313b069b923"

Trace: 
  Error: This module isn't specified in a manifest.
      at new MessageError (/usr/local/Cellar/yarn/1.5.1_1/libexec/lib/cli.js:186:110)
      at Object.<anonymous> (/usr/local/Cellar/yarn/1.5.1_1/libexec/lib/cli.js:60445:15)
      at Generator.next (<anonymous>)
      at step (/usr/local/Cellar/yarn/1.5.1_1/libexec/lib/cli.js:98:30)
      at /usr/local/Cellar/yarn/1.5.1_1/libexec/lib/cli.js:109:13
      at <anonymous>
